<?xml version="1.0" encoding="UTF-8"?>
<testsuite xmlns:xsi="http://www.w3.org/2001/XMLSchema-instance" xsi:noNamespaceSchemaLocation="https://maven.apache.org/surefire/maven-surefire-plugin/xsd/surefire-test-report-3.0.xsd" version="3.0" name="com.example.ces.controller.UserControllerTest" time="3.434" tests="3" errors="0" skipped="0" failures="0">
  <properties>
[...]
</properties>
  <testcase name="testUpdateUserProfile" classname="com.example.ces.controller.UserControllerTest" time="0.281">
    <system-out><![CDATA[02:10:23.513 [main] INFO org.springframework.test.context.support.AnnotationConfigContextLoaderUtils -- Could not detect default configuration classes for test class [com.example.ces.controller.UserControllerTest]: UserControllerTest does not declare any static, non-private, non-final, nested classes annotated with @Configuration.
02:10:23.699 [main] INFO org.springframework.boot.test.context.SpringBootTestContextBootstrapper -- Found @SpringBootConfiguration com.example.ces.CesCinemaApplication for test class com.example.ces.controller.UserControllerTest
02:10:23.806 [main] INFO org.springframework.boot.devtools.restart.RestartApplicationListener -- Restart disabled due to context in which it is running

  .   ____          _            __ _ _
 /\\ / ___'_ __ _ _(_)_ __  __ _ \ \ \ \
( ( )\___ | '_ | '_| | '_ \/ _` | \ \ \ \
 \\/  ___)| |_)| | | | | || (_| |  ) ) ) )
  '  |____| .__|_| |_|_| |_\__, | / / / /
 =========|_|==============|___/=/_/_/_/
 :: Spring Boot ::                (v3.2.2)

2025-10-25T02:10:24.210-04:00  INFO 26764 --- [           main] c.e.ces.controller.UserControllerTest    : Starting UserControllerTest using Java 25 with PID 26764 (started by tasnu in D:\Cinema-E-Booking-App\backend)
2025-10-25T02:10:24.212-04:00  INFO 26764 --- [           main] c.e.ces.controller.UserControllerTest    : No active profile set, falling back to 1 default profile: "default"
2025-10-25T02:10:26.005-04:00  INFO 26764 --- [           main] o.s.b.a.w.s.WelcomePageHandlerMapping    : Adding welcome page: class path resource [static/index.html]
2025-10-25T02:10:26.377-04:00  INFO 26764 --- [           main] o.s.b.t.m.w.SpringBootMockServletContext : Initializing Spring TestDispatcherServlet ''
2025-10-25T02:10:26.377-04:00  INFO 26764 --- [           main] o.s.t.web.servlet.TestDispatcherServlet  : Initializing Servlet ''
2025-10-25T02:10:26.379-04:00  INFO 26764 --- [           main] o.s.t.web.servlet.TestDispatcherServlet  : Completed initialization in 2 ms
2025-10-25T02:10:26.411-04:00  INFO 26764 --- [           main] c.e.ces.controller.UserControllerTest    : Started UserControllerTest in 2.617 seconds (process running for 3.84)
]]></system-out>
    <system-err><![CDATA[WARNING: A Java agent has been loaded dynamically (C:\Users\tasnu\.m2\repository\net\bytebuddy\byte-buddy-agent\1.14.11\byte-buddy-agent-1.14.11.jar)
WARNING: If a serviceability tool is in use, please run with -XX:+EnableDynamicAgentLoading to hide this warning
WARNING: If a serviceability tool is not in use, please run with -Djdk.instrument.traceUsage for more information
WARNING: Dynamic loading of agents will be disallowed by default in a future release
]]></system-err>
  </testcase>
  <testcase name="testGetUserById" classname="com.example.ces.controller.UserControllerTest" time="0.012"/>
  <testcase name="testAddPaymentCard" classname="com.example.ces.controller.UserControllerTest" time="0.033"/>
</testsuite>